AKBONARA/app/build/intermediates/manifest_merge_blame_file/debug/manifest-merger-blame-debug-report.txt
1<?xml version="1.0" encoding="utf-8"?>
2<manifest xmlns:android="http://schemas.android.com/apk/res/android"
3    package="com.jun.akbonara"
4    android:versionCode="1"
5    android:versionName="1.0" >
6
7    <uses-sdk
8        android:minSdkVersion="17"
8-->src\main\AndroidManifest.xml
9        android:targetSdkVersion="30" />
9-->src\main\AndroidManifest.xml
10
11    <uses-permission android:name="android.permission.READ_EXTERNAL_STORAGE" />
11-->src\main\AndroidManifest.xml:5:5-79
11-->src\main\AndroidManifest.xml:5:22-77
12    <uses-permission android:name="android.permission.WRITE_EXTERNAL_STORAGE" />
12-->src\main\AndroidManifest.xml:6:5-80
12-->src\main\AndroidManifest.xml:6:22-78
13    <uses-permission android:name="android.permission.INTERNET" />
13-->src\main\AndroidManifest.xml:8:5-66
13-->src\main\AndroidManifest.xml:8:22-64
14    <uses-permission android:name="android.permission.ACCESS_NETWORK_STATE" />
14-->src\main\AndroidManifest.xml:9:5-78
14-->src\main\AndroidManifest.xml:9:22-76
15    <uses-permission android:name="android.permission.CAMERA" />
15-->src\main\AndroidManifest.xml:10:5-64
15-->src\main\AndroidManifest.xml:10:22-62
16
17    <uses-feature android:name="android.hardware.camera" />
17-->src\main\AndroidManifest.xml:11:5-59
17-->src\main\AndroidManifest.xml:11:19-57
18
19    <uses-permission android:name="android.permission.READ_PHONE_STATE" />
19-->src\main\AndroidManifest.xml:12:5-74
19-->src\main\AndroidManifest.xml:12:22-72
20    <uses-permission android:name="com.android.vending.BILLING" />
20-->[com.github.bootpay:client_android_java:2.0.123] AndroidManifest.xml:13:5-67
20-->[com.github.bootpay:client_android_java:2.0.123] AndroidManifest.xml:13:22-64
21    <uses-permission android:name="android.permission.WAKE_LOCK" /> <!-- Required by older versions of Google Play services to create IID tokens -->
21-->[com.google.firebase:firebase-iid:16.0.0] AndroidManifest.xml:24:5-68
21-->[com.google.firebase:firebase-iid:16.0.0] AndroidManifest.xml:24:22-65
22    <uses-permission android:name="com.google.android.c2dm.permission.RECEIVE" />
22-->[com.google.firebase:firebase-iid:16.0.0] AndroidManifest.xml:26:5-82
22-->[com.google.firebase:firebase-iid:16.0.0] AndroidManifest.xml:26:22-79
23
24    <permission
24-->[com.google.firebase:firebase-iid:16.0.0] AndroidManifest.xml:28:5-30:47
25        android:name="com.jun.akbonara.permission.C2D_MESSAGE"
25-->[com.google.firebase:firebase-iid:16.0.0] AndroidManifest.xml:29:9-63
26        android:protectionLevel="signature" />
26-->[com.google.firebase:firebase-iid:16.0.0] AndroidManifest.xml:30:9-44
27
28    <uses-permission android:name="com.jun.akbonara.permission.C2D_MESSAGE" />
28-->[com.google.firebase:firebase-iid:16.0.0] AndroidManifest.xml:32:5-79
28-->[com.google.firebase:firebase-iid:16.0.0] AndroidManifest.xml:32:22-76
29
30    <application
30-->src\main\AndroidManifest.xml:16:5-117:19
31        android:allowBackup="true"
31-->src\main\AndroidManifest.xml:17:9-35
32        android:appComponentFactory="androidx.core.app.CoreComponentFactory"
32-->[androidx.core:core:1.3.1] AndroidManifest.xml:24:18-86
33        android:debuggable="true"
34        android:icon="@mipmap/ic_launcher"
34-->src\main\AndroidManifest.xml:18:9-43
35        android:label="@string/app_name"
35-->src\main\AndroidManifest.xml:19:9-41
36        android:roundIcon="@mipmap/ic_launcher_round"
36-->src\main\AndroidManifest.xml:20:9-54
37        android:supportsRtl="true"
37-->src\main\AndroidManifest.xml:21:9-35
38        android:testOnly="true"
39        android:theme="@style/AppTheme" >
39-->src\main\AndroidManifest.xml:22:9-40
40        <activity android:name="com.jun.akbonara.MainActivity" >
40-->src\main\AndroidManifest.xml:24:9-29:20
40-->src\main\AndroidManifest.xml:24:19-63
41            <intent-filter>
41-->src\main\AndroidManifest.xml:25:13-28:29
42                <action android:name="android.intent.action.MAIN" />
42-->src\main\AndroidManifest.xml:26:17-69
42-->src\main\AndroidManifest.xml:26:25-66
43
44                <category android:name="android.intent.category.LAUNCHER" />
44-->src\main\AndroidManifest.xml:27:17-77
44-->src\main\AndroidManifest.xml:27:27-74
45            </intent-filter>
46        </activity>
47        <activity android:name="com.jun.akbonara.IntroActivity" >
47-->src\main\AndroidManifest.xml:30:9-31:20
47-->src\main\AndroidManifest.xml:30:19-64
48        </activity>
49        <activity android:name="com.jun.akbonara.LoginActivity" >
49-->src\main\AndroidManifest.xml:32:9-33:20
49-->src\main\AndroidManifest.xml:32:19-64
50        </activity>
51        <activity android:name="com.jun.akbonara.SignupActivity" >
51-->src\main\AndroidManifest.xml:34:9-35:20
51-->src\main\AndroidManifest.xml:34:19-65
52        </activity>
53        <activity android:name="com.jun.akbonara.FindidActivity" >
53-->src\main\AndroidManifest.xml:36:9-37:20
53-->src\main\AndroidManifest.xml:36:19-65
54        </activity>
55        <activity android:name="com.jun.akbonara.MypageActivity" >
55-->src\main\AndroidManifest.xml:38:9-39:20
55-->src\main\AndroidManifest.xml:38:19-65
56        </activity>
57        <activity android:name="com.jun.akbonara.MypageSettingActivity" >
57-->src\main\AndroidManifest.xml:40:9-41:20
57-->src\main\AndroidManifest.xml:40:19-72
58        </activity>
59        <activity android:name="com.jun.akbonara.AlarmActivity" >
59-->src\main\AndroidManifest.xml:42:9-43:20
59-->src\main\AndroidManifest.xml:42:19-64
60        </activity>
61        <activity android:name="com.jun.akbonara.SheetmusicActivity" >
61-->src\main\AndroidManifest.xml:44:9-45:20
61-->src\main\AndroidManifest.xml:44:19-69
62        </activity>
63        <activity android:name="com.jun.akbonara.ChargeActivity" >
63-->src\main\AndroidManifest.xml:46:9-47:20
63-->src\main\AndroidManifest.xml:46:19-65
64        </activity>
65        <activity android:name="com.jun.akbonara.ChangeProfileActivity" >
65-->src\main\AndroidManifest.xml:48:9-49:20
65-->src\main\AndroidManifest.xml:48:19-72
66        </activity>
67        <activity android:name="com.jun.akbonara.SheetmusicPostActivity" >
67-->src\main\AndroidManifest.xml:50:9-51:20
67-->src\main\AndroidManifest.xml:50:19-73
68        </activity>
69        <activity android:name="com.jun.akbonara.SheetmusicUploadActivity" >
69-->src\main\AndroidManifest.xml:52:9-53:20
69-->src\main\AndroidManifest.xml:52:19-75
70        </activity>
71        <activity android:name="com.jun.akbonara.VideoActivity" >
71-->src\main\AndroidManifest.xml:54:9-55:20
71-->src\main\AndroidManifest.xml:54:19-64
72        </activity>
73        <activity android:name="com.jun.akbonara.MypageActivity_like" >
73-->src\main\AndroidManifest.xml:56:9-57:20
73-->src\main\AndroidManifest.xml:56:19-70
74        </activity>
75        <activity android:name="com.jun.akbonara.SheetmusicEditActivity" >
75-->src\main\AndroidManifest.xml:58:9-59:20
75-->src\main\AndroidManifest.xml:58:19-73
76        </activity>
77        <activity android:name="com.jun.akbonara.VideoUploadActivity" >
77-->src\main\AndroidManifest.xml:60:9-61:20
77-->src\main\AndroidManifest.xml:60:19-70
78        </activity>
79        <activity android:name="com.jun.akbonara.VideoPostActivity" >
79-->src\main\AndroidManifest.xml:62:9-63:20
79-->src\main\AndroidManifest.xml:62:19-68
80        </activity>
81        <activity android:name="com.jun.akbonara.VideoEditActivity" >
81-->src\main\AndroidManifest.xml:64:9-65:20
81-->src\main\AndroidManifest.xml:64:19-68
82        </activity>
83        <activity android:name="com.jun.akbonara.CommunityActivity" >
83-->src\main\AndroidManifest.xml:66:9-67:20
83-->src\main\AndroidManifest.xml:66:19-68
84        </activity>
85        <activity android:name="com.jun.akbonara.CommunityUploadActivity" >
85-->src\main\AndroidManifest.xml:68:9-69:20
85-->src\main\AndroidManifest.xml:68:19-74
86        </activity>
87        <activity android:name="com.jun.akbonara.CommunityPostActivity" >
87-->src\main\AndroidManifest.xml:70:9-71:20
87-->src\main\AndroidManifest.xml:70:19-72
88        </activity>
89        <activity android:name="com.jun.akbonara.CommunityEditActivity" >
89-->src\main\AndroidManifest.xml:72:9-73:20
89-->src\main\AndroidManifest.xml:72:19-72
90        </activity>
91        <activity android:name="com.jun.akbonara.MypageActivity_mypost" >
91-->src\main\AndroidManifest.xml:74:9-75:20
91-->src\main\AndroidManifest.xml:74:19-72
92        </activity>
93        <activity android:name="com.jun.akbonara.MypageActivity_minigame" >
93-->src\main\AndroidManifest.xml:76:9-77:20
93-->src\main\AndroidManifest.xml:76:19-74
94        </activity>
95        <activity android:name="com.jun.akbonara.MypageActivity_purchase" >
95-->src\main\AndroidManifest.xml:78:9-79:20
95-->src\main\AndroidManifest.xml:78:19-74
96        </activity>
97        <activity android:name="com.jun.akbonara.MypageActivity_CashHistory" >
97-->src\main\AndroidManifest.xml:80:9-81:20
97-->src\main\AndroidManifest.xml:80:19-77
98        </activity>
99        <activity android:name="com.jun.akbonara.MypageActivity_Profit" >
99-->src\main\AndroidManifest.xml:82:9-83:20
99-->src\main\AndroidManifest.xml:82:19-72
100        </activity>
101        <activity android:name="com.jun.akbonara.Opensheetmusic" >
101-->src\main\AndroidManifest.xml:84:9-85:20
101-->src\main\AndroidManifest.xml:84:19-65
102        </activity>
103        <activity android:name="com.jun.akbonara.ChangePasswordActivity" >
103-->src\main\AndroidManifest.xml:86:9-87:20
103-->src\main\AndroidManifest.xml:86:19-73
104        </activity>
105        <activity
105-->src\main\AndroidManifest.xml:88:9-90:20
106            android:name="com.jun.akbonara.PopupActivity"
106-->src\main\AndroidManifest.xml:88:19-64
107            android:theme="@android:style/Theme.Dialog" >
107-->src\main\AndroidManifest.xml:89:13-56
108        </activity>
109        <activity
109-->src\main\AndroidManifest.xml:91:9-93:20
110            android:name="com.jun.akbonara.PopupPurchaseActivity"
110-->src\main\AndroidManifest.xml:91:19-72
111            android:theme="@android:style/Theme.Dialog" >
111-->src\main\AndroidManifest.xml:92:13-56
112        </activity>
113        <activity
113-->src\main\AndroidManifest.xml:94:9-96:20
114            android:name="com.jun.akbonara.PopupPurchaseMypageActivity"
114-->src\main\AndroidManifest.xml:94:19-78
115            android:theme="@android:style/Theme.Dialog" >
115-->src\main\AndroidManifest.xml:95:13-56
116        </activity>
117
118        <service android:name="com.jun.akbonara.MyFirebaseMessagingService" >
118-->src\main\AndroidManifest.xml:101:9-106:19
118-->src\main\AndroidManifest.xml:102:13-71
119            <intent-filter>
119-->src\main\AndroidManifest.xml:103:13-105:29
120                <action android:name="com.google.firebase.MESSAGING_EVENT" />
120-->src\main\AndroidManifest.xml:104:17-77
120-->src\main\AndroidManifest.xml:104:25-75
121            </intent-filter>
122        </service>
123        <service android:name="com.jun.akbonara.MyFirebaseInstanceIDService" >
123-->src\main\AndroidManifest.xml:107:9-112:19
123-->src\main\AndroidManifest.xml:108:13-72
124            <intent-filter>
124-->src\main\AndroidManifest.xml:109:13-111:29
125                <action android:name="com.google.firebase.INSTANCE_ID_EVENT" />
125-->src\main\AndroidManifest.xml:110:17-79
125-->src\main\AndroidManifest.xml:110:25-77
126            </intent-filter>
127        </service>
128
129        <provider
129-->[com.squareup.picasso:picasso:2.71828] AndroidManifest.xml:8:9-11:40
130            android:name="com.squareup.picasso.PicassoProvider"
130-->[com.squareup.picasso:picasso:2.71828] AndroidManifest.xml:9:13-64
131            android:authorities="com.jun.akbonara.com.squareup.picasso"
131-->[com.squareup.picasso:picasso:2.71828] AndroidManifest.xml:10:13-72
132            android:exported="false" />
132-->[com.squareup.picasso:picasso:2.71828] AndroidManifest.xml:11:13-37
133        <!--
134             FirebaseMessagingService performs security checks at runtime,
135             no need for explicit permissions despite exported="true"
136        -->
137        <service
137-->[com.google.firebase:firebase-messaging:17.0.0] AndroidManifest.xml:28:9-34:19
138            android:name="com.google.firebase.messaging.FirebaseMessagingService"
138-->[com.google.firebase:firebase-messaging:17.0.0] AndroidManifest.xml:29:13-82
139            android:exported="true" >
139-->[com.google.firebase:firebase-messaging:17.0.0] AndroidManifest.xml:30:13-36
140            <intent-filter android:priority="-500" >
140-->src\main\AndroidManifest.xml:103:13-105:29
141                <action android:name="com.google.firebase.MESSAGING_EVENT" />
141-->src\main\AndroidManifest.xml:104:17-77
141-->src\main\AndroidManifest.xml:104:25-75
142            </intent-filter>
143        </service>
144        <service android:name="com.google.firebase.components.ComponentDiscoveryService" >
144-->[com.google.firebase:firebase-iid:16.0.0] AndroidManifest.xml:35:9-39:19
144-->[com.google.firebase:firebase-iid:16.0.0] AndroidManifest.xml:35:18-89
145            <meta-data
145-->[com.google.firebase:firebase-iid:16.0.0] AndroidManifest.xml:36:13-38:85
146                android:name="com.google.firebase.components:com.google.firebase.iid.Registrar"
146-->[com.google.firebase:firebase-iid:16.0.0] AndroidManifest.xml:37:17-96
147                android:value="com.google.firebase.components.ComponentRegistrar" />
147-->[com.google.firebase:firebase-iid:16.0.0] AndroidManifest.xml:38:17-82
148        </service>
149
150        <receiver
150-->[com.google.firebase:firebase-iid:16.0.0] AndroidManifest.xml:41:9-50:20
151            android:name="com.google.firebase.iid.FirebaseInstanceIdReceiver"
151-->[com.google.firebase:firebase-iid:16.0.0] AndroidManifest.xml:42:13-78
152            android:exported="true"
152-->[com.google.firebase:firebase-iid:16.0.0] AndroidManifest.xml:43:13-36
153            android:permission="com.google.android.c2dm.permission.SEND" >
153-->[com.google.firebase:firebase-iid:16.0.0] AndroidManifest.xml:44:13-73
154            <intent-filter>
154-->[com.google.firebase:firebase-iid:16.0.0] AndroidManifest.xml:45:13-49:29
155                <action android:name="com.google.android.c2dm.intent.RECEIVE" />
155-->[com.google.firebase:firebase-iid:16.0.0] AndroidManifest.xml:46:17-81
155-->[com.google.firebase:firebase-iid:16.0.0] AndroidManifest.xml:46:25-78
156
157                <category android:name="com.jun.akbonara" />
157-->[com.google.firebase:firebase-iid:16.0.0] AndroidManifest.xml:48:17-61
157-->[com.google.firebase:firebase-iid:16.0.0] AndroidManifest.xml:48:27-58
158            </intent-filter>
159        </receiver>
160        <!--
161             FirebaseInstanceIdService performs security checks at runtime,
162             no need for explicit permissions despite exported="true"
163        -->
164        <service
164-->[com.google.firebase:firebase-iid:16.0.0] AndroidManifest.xml:56:9-62:19
165            android:name="com.google.firebase.iid.FirebaseInstanceIdService"
165-->[com.google.firebase:firebase-iid:16.0.0] AndroidManifest.xml:57:13-77
166            android:exported="true" >
166-->[com.google.firebase:firebase-iid:16.0.0] AndroidManifest.xml:58:13-36
167            <intent-filter android:priority="-500" >
167-->src\main\AndroidManifest.xml:109:13-111:29
168                <action android:name="com.google.firebase.INSTANCE_ID_EVENT" />
168-->src\main\AndroidManifest.xml:110:17-79
168-->src\main\AndroidManifest.xml:110:25-77
169            </intent-filter>
170        </service>
171
172        <provider
172-->[com.google.firebase:firebase-common:16.0.0] AndroidManifest.xml:9:9-13:39
173            android:name="com.google.firebase.provider.FirebaseInitProvider"
173-->[com.google.firebase:firebase-common:16.0.0] AndroidManifest.xml:10:13-77
174            android:authorities="com.jun.akbonara.firebaseinitprovider"
174-->[com.google.firebase:firebase-common:16.0.0] AndroidManifest.xml:11:13-72
175            android:exported="false"
175-->[com.google.firebase:firebase-common:16.0.0] AndroidManifest.xml:12:13-37
176            android:initOrder="100" />
176-->[com.google.firebase:firebase-common:16.0.0] AndroidManifest.xml:13:13-36
177
178        <activity
178-->[com.google.android.gms:play-services-base:15.0.1] AndroidManifest.xml:23:9-26:75
179            android:name="com.google.android.gms.common.api.GoogleApiActivity"
179-->[com.google.android.gms:play-services-base:15.0.1] AndroidManifest.xml:24:13-79
180            android:exported="false"
180-->[com.google.android.gms:play-services-base:15.0.1] AndroidManifest.xml:25:13-37
181            android:theme="@android:style/Theme.Translucent.NoTitleBar" />
181-->[com.google.android.gms:play-services-base:15.0.1] AndroidManifest.xml:26:13-72
182
183        <meta-data
183-->[com.google.android.gms:play-services-basement:15.0.1] AndroidManifest.xml:23:9-25:69
184            android:name="com.google.android.gms.version"
184-->[com.google.android.gms:play-services-basement:15.0.1] AndroidManifest.xml:24:13-58
185            android:value="@integer/google_play_services_version" />
185-->[com.google.android.gms:play-services-basement:15.0.1] AndroidManifest.xml:25:13-66
186    </application>
187
188</manifest>